2024-11-17 06:03:50,652 [INFO] Loading data...
2024-11-17 06:03:50,690 [INFO] Loaded 1459 keywords and 200 hyperedges
2024-11-17 06:03:51,250 [INFO] Starting training...
2024-11-17 06:03:51,662 [ERROR] An error occurred: mat1 and mat2 shapes cannot be multiplied (32x128 and 256x128)
Traceback (most recent call last):
  File "main.py", line 157, in main
    train_history = trainer.train(
  File "C:\Users\K\Desktop\KU_INISW_5th_Group1\HANs\trainer.py", line 224, in train
    losses = self.train_epoch(
  File "C:\Users\K\Desktop\KU_INISW_5th_Group1\HANs\trainer.py", line 87, in train_epoch
    losses = self._compute_losses(
  File "C:\Users\K\Desktop\KU_INISW_5th_Group1\HANs\trainer.py", line 130, in _compute_losses
    pred_loss = self._compute_prediction_loss(
  File "C:\Users\K\Desktop\KU_INISW_5th_Group1\HANs\trainer.py", line 167, in _compute_prediction_loss
    pos_scores = self.predictor(pos_features).squeeze(-1)  # (batch_size,)
  File "c:\Users\K\Desktop\KU_INISW_5th_Group1\HANs\.venv\lib\site-packages\torch\nn\modules\module.py", line 1553, in _wrapped_call_impl
    return self._call_impl(*args, **kwargs)
  File "c:\Users\K\Desktop\KU_INISW_5th_Group1\HANs\.venv\lib\site-packages\torch\nn\modules\module.py", line 1562, in _call_impl
    return forward_call(*args, **kwargs)
  File "C:\Users\K\Desktop\KU_INISW_5th_Group1\HANs\model.py", line 238, in forward
    return self.mlp(node_features)
  File "c:\Users\K\Desktop\KU_INISW_5th_Group1\HANs\.venv\lib\site-packages\torch\nn\modules\module.py", line 1553, in _wrapped_call_impl
    return self._call_impl(*args, **kwargs)
  File "c:\Users\K\Desktop\KU_INISW_5th_Group1\HANs\.venv\lib\site-packages\torch\nn\modules\module.py", line 1562, in _call_impl
    return forward_call(*args, **kwargs)
  File "c:\Users\K\Desktop\KU_INISW_5th_Group1\HANs\.venv\lib\site-packages\torch\nn\modules\container.py", line 219, in forward
    input = module(input)
  File "c:\Users\K\Desktop\KU_INISW_5th_Group1\HANs\.venv\lib\site-packages\torch\nn\modules\module.py", line 1553, in _wrapped_call_impl
    return self._call_impl(*args, **kwargs)
  File "c:\Users\K\Desktop\KU_INISW_5th_Group1\HANs\.venv\lib\site-packages\torch\nn\modules\module.py", line 1562, in _call_impl
    return forward_call(*args, **kwargs)
  File "c:\Users\K\Desktop\KU_INISW_5th_Group1\HANs\.venv\lib\site-packages\torch\nn\modules\linear.py", line 117, in forward
    return F.linear(input, self.weight, self.bias)
RuntimeError: mat1 and mat2 shapes cannot be multiplied (32x128 and 256x128)
